<?xml version="1.0" encoding="UTF-8"?>
<!-- Generated by org.testng.reporters.JUnitReportReporter -->
<testsuite hostname="DESKTOP-4HJSG2K" failures="0" tests="4" name="srctest.DataProviderExample$LaunchBrowser" time="108.036" errors="0" timestamp="2025-01-01T21:13:57 IST" skipped="0">
  <testcase classname="srctest.DataProviderExample$LaunchBrowser" name="searchProduct" time="16.785"/>
  <system-out/>
  <testcase classname="srctest.DataProviderExample$LaunchBrowser" name="searchProduct" time="38.342"/>
  <system-out/>
  <testcase classname="srctest.DataProviderExample$LaunchBrowser" name="searchProduct" time="19.564"/>
  <system-out/>
  <testcase classname="srctest.DataProviderExample$LaunchBrowser" name="searchProduct" time="33.345"/>
  <system-out/>
</testsuite> <!-- srctest.DataProviderExample$LaunchBrowser -->
