<?xml version="1.0" encoding="UTF-8"?>
<!-- Generated by org.testng.reporters.JUnitReportReporter -->
<testsuite hostname="DESKTOP-4HJSG2K" failures="0" tests="1" name="assignments.StartDownload" time="20.611" errors="0" timestamp="2025-01-02T01:07:36 IST" skipped="0">
  <testcase classname="assignments.StartDownload" name="enableStartDownload" time="20.611"/>
  <system-out/>
</testsuite> <!-- assignments.StartDownload -->
