<?xml version="1.0" encoding="UTF-8"?>
<!-- Generated by org.testng.reporters.JUnitReportReporter -->
<testsuite hostname="DESKTOP-4HJSG2K" failures="0" tests="1" name="assignments.PrintAllNames" time="12.484" errors="0" timestamp="2025-01-02T23:55:13 IST" skipped="0">
  <testcase classname="assignments.PrintAllNames" name="allNames" time="12.484"/>
  <system-out/>
</testsuite> <!-- assignments.PrintAllNames -->
