<?xml version="1.0" encoding="UTF-8"?>
<!-- Generated by org.testng.reporters.JUnitReportReporter -->
<testsuite hostname="DESKTOP-4HJSG2K" failures="0" tests="3" name="srctest.RadioBtn" time="33.478" errors="0" timestamp="2025-01-01T16:00:31 IST" skipped="1">
  <testcase classname="srctest.RadioBtn" name="verifyButtonText" time="18.711"/>
  <system-out/>
  <testcase classname="srctest.RadioBtn" name="verifyButtonText" time="14.767"/>
  <system-out/>
  <testcase classname="srctest.RadioBtn" name="radioBtnisEnabled">
    <skipped/>
  </testcase> <!-- radioBtnisEnabled -->
  <system-out/>
</testsuite> <!-- srctest.RadioBtn -->
