<?xml version="1.0" encoding="UTF-8"?>
<!-- Generated by org.testng.reporters.JUnitReportReporter -->
<testsuite hostname="DESKTOP-4HJSG2K" failures="0" tests="1" name="srctest.TableExample" time="9.853" errors="0" timestamp="2025-01-02T22:53:43 IST" skipped="0">
  <testcase classname="srctest.TableExample" name="getAllDetails" time="9.853"/>
  <system-out/>
</testsuite> <!-- srctest.TableExample -->
