<?xml version="1.0" encoding="UTF-8"?>
<!-- Generated by org.testng.reporters.JUnitReportReporter -->
<testsuite hostname="DESKTOP-4HJSG2K" failures="0" tests="2" name="assignments.VerifyImage" time="29.661" errors="0" timestamp="2025-01-02T00:50:56 IST" skipped="0">
  <testcase classname="assignments.VerifyImage" name="verifybuttonText" time="12.915"/>
  <system-out/>
  <testcase classname="assignments.VerifyImage" name="clickBtn" time="16.746"/>
  <system-out/>
</testsuite> <!-- assignments.VerifyImage -->
