<?xml version="1.0" encoding="UTF-8"?>
<!-- Generated by org.testng.reporters.JUnitReportReporter -->
<testsuite hostname="DESKTOP-4HJSG2K" failures="0" tests="3" name="srctest.FacebookDataProvider" time="34.022" errors="0" timestamp="2025-01-01T21:25:25 IST" skipped="0">
  <testcase classname="srctest.FacebookDataProvider" name="enteremailpass" time="13.159"/>
  <system-out/>
  <testcase classname="srctest.FacebookDataProvider" name="enteremailpass" time="11.251"/>
  <system-out/>
  <testcase classname="srctest.FacebookDataProvider" name="enteremailpass" time="9.612"/>
  <system-out/>
</testsuite> <!-- srctest.FacebookDataProvider -->
