<?xml version="1.0" encoding="UTF-8"?>
<!-- Generated by org.testng.reporters.JUnitReportReporter -->
<testsuite hostname="DESKTOP-4HJSG2K" failures="0" tests="3" name="srctest.RadioBtn" time="64.162" errors="0" timestamp="2025-01-01T20:36:13 IST" skipped="0">
  <testcase classname="srctest.RadioBtn" name="radioBtnisEnabled" time="24.961"/>
  <system-out/>
  <testcase classname="srctest.RadioBtn" name="verifyButtonText" time="17.674"/>
  <system-out/>
  <testcase classname="srctest.RadioBtn" name="verifyButtonText" time="21.527"/>
  <system-out/>
</testsuite> <!-- srctest.RadioBtn -->
