<?xml version="1.0" encoding="UTF-8"?>
<!-- Generated by org.testng.reporters.JUnitReportReporter -->
<testsuite hostname="DESKTOP-4HJSG2K" failures="0" tests="1" name="assignments.PrintSalary" time="11.432" errors="0" timestamp="2025-01-02T23:48:46 IST" skipped="0">
  <testcase classname="assignments.PrintSalary" name="allSalary" time="11.432"/>
  <system-out/>
</testsuite> <!-- assignments.PrintSalary -->
