<?xml version="1.0" encoding="UTF-8"?>
<!-- Generated by org.testng.reporters.JUnitReportReporter -->
<testsuite hostname="DESKTOP-4HJSG2K" failures="0" tests="2" name="basics.Annotations_Example" time="0.027" errors="0" timestamp="2024-12-30T22:42:03 IST" skipped="0">
  <testcase classname="basics.Annotations_Example" name="testCase2" time="0.009"/>
  <system-out/>
  <testcase classname="basics.Annotations_Example" name="testCase1" time="0.018"/>
  <system-out/>
</testsuite> <!-- basics.Annotations_Example -->
