<?xml version="1.0" encoding="UTF-8"?>
<!-- Generated by org.testng.reporters.JUnitReportReporter -->
<testsuite hostname="DESKTOP-4HJSG2K" failures="0" tests="2" name="assignments.Six_DimentionalDataProvider" time="21.091" errors="0" timestamp="2025-01-02T17:05:37 IST" skipped="0">
  <testcase classname="assignments.Six_DimentionalDataProvider" name="enterDetails" time="11.223"/>
  <system-out/>
  <testcase classname="assignments.Six_DimentionalDataProvider" name="enterDetails" time="9.868"/>
  <system-out/>
</testsuite> <!-- assignments.Six_DimentionalDataProvider -->
