<?xml version="1.0" encoding="UTF-8"?>
<!-- Generated by org.testng.reporters.JUnitReportReporter -->
<testsuite hostname="DESKTOP-4HJSG2K" failures="0" tests="3" name="assignments.TestngAssignmentVerifyCss" time="49.936" errors="0" timestamp="2025-01-01T23:06:28 IST" skipped="0">
  <testcase classname="assignments.TestngAssignmentVerifyCss" name="verifybackgroundColor" time="24.250"/>
  <system-out/>
  <testcase classname="assignments.TestngAssignmentVerifyCss" name="verifyHeader" time="9.291"/>
  <system-out/>
  <testcase classname="assignments.TestngAssignmentVerifyCss" name="verifyFontColor" time="16.395"/>
  <system-out/>
</testsuite> <!-- assignments.TestngAssignmentVerifyCss -->
