<?xml version="1.0" encoding="UTF-8"?>
<!-- Generated by org.testng.reporters.JUnitReportReporter -->
<testsuite hostname="DESKTOP-4HJSG2K" failures="0" tests="1" name="assignments.TableExample" time="14.839" errors="0" timestamp="2025-01-02T23:30:06 IST" skipped="0">
  <testcase classname="assignments.TableExample" name="getDetails" time="14.839"/>
  <system-out/>
</testsuite> <!-- assignments.TableExample -->
