<?xml version="1.0" encoding="UTF-8"?>
<!-- Generated by org.testng.reporters.JUnitReportReporter -->
<testsuite hostname="DESKTOP-4HJSG2K" failures="0" tests="1" name="srctest.LaunchBrowser" time="13.380" errors="0" timestamp="2024-12-31T23:29:57 IST" skipped="0">
  <testcase classname="srctest.LaunchBrowser" name="verifyCurrentUrl" time="13.380"/>
  <system-out/>
</testsuite> <!-- srctest.LaunchBrowser -->
